<?xml version="1.0" encoding="UTF-8"?>
<coverage generated="1462832504">
  <project timestamp="1462832504">
    <package name="Honeybadger">
      <file name="/Users/tj/projects/honeybadger-php/lib/Honeybadger/Backtrace.php">
        <class name="Backtrace" namespace="Honeybadger" fullPackage="Honeybadger" category="Backtrace" package="Honeybadger">
          <metrics complexity="11" methods="7" coveredmethods="7" conditionals="0" coveredconditionals="0" statements="28" coveredstatements="28" elements="35" coveredelements="35"/>
        </class>
        <line num="32" type="method" name="__construct" visibility="public" complexity="3" crap="3" count="39"/>
        <line num="34" type="stmt" count="39"/>
        <line num="36" type="stmt" count="39"/>
        <line num="37" type="stmt" count="39"/>
        <line num="38" type="stmt" count="37"/>
        <line num="41" type="stmt" count="11"/>
        <line num="42" type="stmt" count="39"/>
        <line num="43" type="stmt" count="39"/>
        <line num="56" type="method" name="parse" visibility="public" complexity="3" crap="3" count="32"/>
        <line num="58" type="stmt" count="32"/>
        <line num="61" type="stmt" count="32"/>
        <line num="62" type="stmt" count="32"/>
        <line num="64" type="stmt" count="32"/>
        <line num="65" type="stmt" count="32"/>
        <line num="66" type="stmt" count="32"/>
        <line num="67" type="stmt" count="32"/>
        <line num="70" type="stmt" count="32"/>
        <line num="78" type="method" name="hasLines" visibility="public" complexity="1" crap="1" count="31"/>
        <line num="80" type="stmt" count="31"/>
        <line num="89" type="method" name="hasApplicationLines" visibility="public" complexity="1" crap="1" count="31"/>
        <line num="91" type="stmt" count="31"/>
        <line num="100" type="method" name="__toString" visibility="public" complexity="1" crap="1" count="1"/>
        <line num="102" type="stmt" count="1"/>
        <line num="103" type="stmt" count="1"/>
        <line num="104" type="stmt" count="1"/>
        <line num="106" type="stmt" count="1"/>
        <line num="107" type="stmt" count="1"/>
        <line num="108" type="stmt" count="1"/>
        <line num="109" type="stmt" count="1"/>
        <line num="110" type="stmt" count="1"/>
        <line num="118" type="method" name="asArray" visibility="public" complexity="1" crap="1" count="6"/>
        <line num="120" type="stmt" count="6"/>
        <line num="121" type="method" name="anonymous function" complexity="1" crap="1" count="6"/>
        <line num="122" type="stmt" count="6"/>
        <line num="123" type="stmt" count="6"/>
        <line num="124" type="stmt" count="6"/>
        <line num="125" type="stmt" count="6"/>
        <metrics loc="127" ncloc="71" classes="1" methods="7" coveredmethods="7" conditionals="0" coveredconditionals="0" statements="30" coveredstatements="30" elements="37" coveredelements="37"/>
      </file>
      <file name="/Users/tj/projects/honeybadger-php/lib/Honeybadger/Config.php">
        <class name="Config" namespace="Honeybadger" fullPackage="Honeybadger" package="Honeybadger">
          <metrics complexity="31" methods="16" coveredmethods="14" conditionals="0" coveredconditionals="0" statements="63" coveredstatements="59" elements="79" coveredelements="73"/>
        </class>
        <line num="202" type="method" name="__construct" visibility="public" complexity="3" crap="3" count="97"/>
        <line num="205" type="stmt" count="97"/>
        <line num="206" type="stmt" count="97"/>
        <line num="207" type="stmt" count="97"/>
        <line num="210" type="stmt" count="97"/>
        <line num="213" type="stmt" count="97"/>
        <line num="216" type="stmt" count="97"/>
        <line num="217" type="stmt" count="97"/>
        <line num="219" type="stmt" count="97"/>
        <line num="221" type="stmt" count="97"/>
        <line num="222" type="stmt" count="97"/>
        <line num="224" type="stmt" count="97"/>
        <line num="226" type="stmt" count="97"/>
        <line num="229" type="stmt" count="97"/>
        <line num="230" type="stmt" count="95"/>
        <line num="231" type="stmt" count="95"/>
        <line num="233" type="stmt" count="97"/>
        <line num="234" type="stmt" count="95"/>
        <line num="235" type="stmt" count="95"/>
        <line num="236" type="stmt" count="97"/>
        <line num="246" type="method" name="values" visibility="public" complexity="2" crap="2" count="97"/>
        <line num="248" type="stmt" count="97"/>
        <line num="249" type="stmt" count="89"/>
        <line num="250" type="stmt" count="97"/>
        <line num="252" type="stmt" count="97"/>
        <line num="269" type="method" name="set" visibility="public" complexity="2" crap="2" count="91"/>
        <line num="271" type="stmt" count="91"/>
        <line num="272" type="stmt" count="7"/>
        <line num="275" type="stmt" count="90"/>
        <line num="277" type="stmt" count="90"/>
        <line num="289" type="method" name="secure" visibility="public" complexity="5" crap="5" count="97"/>
        <line num="291" type="stmt" count="97"/>
        <line num="292" type="stmt" count="97"/>
        <line num="295" type="stmt" count="7"/>
        <line num="296" type="stmt" count="7"/>
        <line num="297" type="stmt" count="7"/>
        <line num="299" type="stmt" count="7"/>
        <line num="300" type="stmt" count="6"/>
        <line num="301" type="stmt" count="6"/>
        <line num="303" type="stmt" count="7"/>
        <line num="312" type="method" name="defaultPort" visibility="private" complexity="2" crap="2" count="97"/>
        <line num="314" type="stmt" count="97"/>
        <line num="325" type="method" name="isSecure" visibility="public" complexity="1" crap="1" count="97"/>
        <line num="327" type="stmt" count="97"/>
        <line num="336" type="method" name="defaultCertificateAuthority" visibility="private" complexity="1" crap="1" count="95"/>
        <line num="338" type="stmt" count="95"/>
        <line num="358" type="method" name="filterBacktrace" visibility="public" complexity="1" crap="1" count="1"/>
        <line num="360" type="stmt" count="1"/>
        <line num="361" type="stmt" count="1"/>
        <line num="385" type="method" name="ignoreByFilter" visibility="public" complexity="1" crap="1" count="1"/>
        <line num="387" type="stmt" count="1"/>
        <line num="388" type="stmt" count="1"/>
        <line num="397" type="method" name="ignoreOnly" visibility="public" complexity="1" crap="1" count="1"/>
        <line num="399" type="stmt" count="1"/>
        <line num="400" type="stmt" count="1"/>
        <line num="407" type="method" name="ignoreUserAgentsOnly" visibility="public" complexity="1" crap="1" count="1"/>
        <line num="409" type="stmt" count="1"/>
        <line num="410" type="stmt" count="1"/>
        <line num="419" type="method" name="merge" visibility="public" complexity="1" crap="1" count="34"/>
        <line num="421" type="stmt" count="34"/>
        <line num="429" type="method" name="isPublic" visibility="public" complexity="1" crap="1" count="6"/>
        <line num="431" type="stmt" count="6"/>
        <line num="432" type="stmt" count="6"/>
        <line num="433" type="stmt" count="6"/>
        <line num="434" type="stmt" count="6"/>
        <line num="443" type="method" name="logLevel" visibility="public" complexity="2" crap="2" count="38"/>
        <line num="445" type="stmt" count="38"/>
        <line num="453" type="method" name="baseUrl" visibility="public" complexity="6" crap="6.56" count="3"/>
        <line num="455" type="stmt" count="3"/>
        <line num="456" type="stmt" count="3"/>
        <line num="458" type="stmt" count="3"/>
        <line num="459" type="stmt" count="3"/>
        <line num="460" type="stmt" count="3"/>
        <line num="461" type="stmt" count="0"/>
        <line num="462" type="stmt" count="0"/>
        <line num="464" type="stmt" count="3"/>
        <line num="470" type="method" name="offsetUnset" visibility="public" complexity="1" crap="2" count="0"/>
        <line num="472" type="stmt" count="0"/>
        <line num="473" type="stmt" count="0"/>
        <metrics loc="474" ncloc="209" classes="1" methods="16" coveredmethods="14" conditionals="0" coveredconditionals="0" statements="63" coveredstatements="59" elements="79" coveredelements="73"/>
      </file>
      <file name="/Users/tj/projects/honeybadger-php/lib/Honeybadger/Environment.php">
        <class name="Environment" namespace="Honeybadger" fullPackage="Honeybadger" package="Honeybadger">
          <metrics complexity="39" methods="19" coveredmethods="13" conditionals="0" coveredconditionals="0" statements="58" coveredstatements="52" elements="77" coveredelements="65"/>
        </class>
        <line num="29" type="method" name="factory" visibility="public" complexity="1" crap="1" count="56"/>
        <line num="31" type="stmt" count="56"/>
        <line num="92" type="method" name="__construct" visibility="public" complexity="2" crap="2" count="56"/>
        <line num="94" type="stmt" count="56"/>
        <line num="95" type="stmt" count="34"/>
        <line num="96" type="stmt" count="34"/>
        <line num="98" type="stmt" count="56"/>
        <line num="99" type="stmt" count="56"/>
        <line num="106" type="method" name="protocol" visibility="public" complexity="3" crap="3" count="46"/>
        <line num="108" type="stmt" count="46"/>
        <line num="116" type="method" name="isSecure" visibility="public" complexity="1" crap="1" count="37"/>
        <line num="118" type="stmt" count="37"/>
        <line num="127" type="method" name="host" visibility="public" complexity="2" crap="2" count="35"/>
        <line num="129" type="stmt" count="35"/>
        <line num="138" type="method" name="port" visibility="public" complexity="3" crap="3" count="37"/>
        <line num="140" type="stmt" count="37"/>
        <line num="141" type="stmt" count="32"/>
        <line num="144" type="stmt" count="5"/>
        <line num="152" type="method" name="isNonStandardPort" visibility="public" complexity="2" crap="2" count="35"/>
        <line num="154" type="stmt" count="35"/>
        <line num="155" type="stmt" count="2"/>
        <line num="158" type="stmt" count="33"/>
        <line num="166" type="method" name="fullpath" visibility="public" complexity="3" crap="3" count="33"/>
        <line num="168" type="stmt" count="33"/>
        <line num="169" type="stmt" count="33"/>
        <line num="170" type="stmt" count="33"/>
        <line num="172" type="stmt" count="33"/>
        <line num="173" type="stmt" count="3"/>
        <line num="174" type="stmt" count="3"/>
        <line num="176" type="stmt" count="33"/>
        <line num="185" type="method" name="url" visibility="public" complexity="5" crap="5.03" count="33"/>
        <line num="187" type="stmt" count="33"/>
        <line num="188" type="stmt" count="0"/>
        <line num="191" type="stmt" count="33"/>
        <line num="193" type="stmt" count="33"/>
        <line num="194" type="stmt" count="1"/>
        <line num="195" type="stmt" count="1"/>
        <line num="197" type="stmt" count="33"/>
        <line num="199" type="stmt" count="33"/>
        <line num="200" type="stmt" count="4"/>
        <line num="203" type="stmt" count="29"/>
        <line num="211" type="method" name="asArray" visibility="public" complexity="1" crap="1" count="9"/>
        <line num="213" type="stmt" count="9"/>
        <line num="221" type="method" name="toArray" visibility="public" complexity="1" crap="2" count="0"/>
        <line num="223" type="stmt" count="0"/>
        <line num="233" type="method" name="toJson" visibility="public" complexity="1" crap="2" count="0"/>
        <line num="235" type="stmt" count="0"/>
        <line num="244" type="method" name="__get" visibility="public" complexity="2" crap="2.15" count="33"/>
        <line num="246" type="stmt" count="33"/>
        <line num="247" type="stmt" count="33"/>
        <line num="250" type="stmt" count="0"/>
        <line num="258" type="method" name="offsetGet" visibility="public" complexity="3" crap="3" count="49"/>
        <line num="260" type="stmt" count="49"/>
        <line num="261" type="stmt" count="20"/>
        <line num="262" type="stmt" count="33"/>
        <line num="263" type="stmt" count="32"/>
        <line num="266" type="stmt" count="30"/>
        <line num="275" type="method" name="offsetSet" visibility="public" complexity="1" crap="2" count="0"/>
        <line num="277" type="stmt" count="0"/>
        <line num="285" type="method" name="offsetExists" visibility="public" complexity="2" crap="2" count="49"/>
        <line num="287" type="stmt" count="49"/>
        <line num="288" type="stmt" count="49"/>
        <line num="296" type="method" name="offsetUnset" visibility="public" complexity="1" crap="2" count="0"/>
        <line num="298" type="stmt" count="0"/>
        <line num="304" type="method" name="getIterator" visibility="public" complexity="1" crap="1" count="30"/>
        <line num="306" type="stmt" count="30"/>
        <line num="326" type="method" name="sanitizedPhpEnvironment" visibility="private" complexity="4" crap="4" count="34"/>
        <line num="328" type="stmt" count="34"/>
        <line num="330" type="stmt" count="34"/>
        <line num="331" type="stmt" count="34"/>
        <line num="332" type="stmt" count="1"/>
        <line num="333" type="stmt" count="1"/>
        <line num="334" type="stmt" count="34"/>
        <line num="336" type="stmt" count="34"/>
        <line num="338" type="stmt" count="3"/>
        <line num="339" type="stmt" count="3"/>
        <line num="341" type="stmt" count="34"/>
        <metrics loc="343" ncloc="204" classes="1" methods="19" coveredmethods="13" conditionals="0" coveredconditionals="0" statements="58" coveredstatements="52" elements="77" coveredelements="65"/>
      </file>
      <file name="/Users/tj/projects/honeybadger-php/lib/Honeybadger/Error.php">
        <class name="Error" namespace="Honeybadger" fullPackage="Honeybadger" package="Honeybadger">
          <metrics complexity="4" methods="2" coveredmethods="1" conditionals="0" coveredconditionals="0" statements="16" coveredstatements="4" elements="18" coveredelements="5"/>
        </class>
        <line num="21" type="method" name="register_handler" visibility="public" complexity="1" crap="1" count="1"/>
        <line num="23" type="stmt" count="1"/>
        <line num="25" type="stmt" count="1"/>
        <line num="27" type="stmt" count="1"/>
        <line num="28" type="stmt" count="1"/>
        <line num="38" type="method" name="handle" visibility="public" complexity="3" crap="12" count="0"/>
        <line num="40" type="stmt" count="0"/>
        <line num="43" type="stmt" count="0"/>
        <line num="46" type="stmt" count="0"/>
        <line num="47" type="stmt" count="0"/>
        <line num="49" type="stmt" count="0"/>
        <line num="51" type="stmt" count="0"/>
        <line num="52" type="stmt" count="0"/>
        <line num="53" type="stmt" count="0"/>
        <line num="54" type="stmt" count="0"/>
        <line num="55" type="stmt" count="0"/>
        <line num="57" type="stmt" count="0"/>
        <line num="61" type="stmt" count="0"/>
        <metrics loc="63" ncloc="31" classes="1" methods="2" coveredmethods="1" conditionals="0" coveredconditionals="0" statements="16" coveredstatements="4" elements="18" coveredelements="5"/>
      </file>
      <file name="/Users/tj/projects/honeybadger-php/lib/Honeybadger/Exception.php">
        <class name="Exception" namespace="Honeybadger">
          <metrics complexity="6" methods="2" coveredmethods="1" conditionals="0" coveredconditionals="0" statements="15" coveredstatements="4" elements="17" coveredelements="5"/>
        </class>
        <line num="24" type="method" name="register_handler" visibility="public" complexity="1" crap="1" count="1"/>
        <line num="26" type="stmt" count="1"/>
        <line num="28" type="stmt" count="1"/>
        <line num="30" type="stmt" count="1"/>
        <line num="31" type="stmt" count="1"/>
        <line num="38" type="method" name="handle" visibility="public" complexity="5" crap="30" count="0"/>
        <line num="42" type="stmt" count="0"/>
        <line num="44" type="stmt" count="0"/>
        <line num="45" type="stmt" count="0"/>
        <line num="46" type="stmt" count="0"/>
        <line num="49" type="stmt" count="0"/>
        <line num="52" type="stmt" count="0"/>
        <line num="54" type="stmt" count="0"/>
        <line num="57" type="stmt" count="0"/>
        <line num="61" type="stmt" count="0"/>
        <line num="62" type="stmt" count="0"/>
        <line num="65" type="stmt" count="0"/>
        <metrics loc="67" ncloc="39" classes="1" methods="2" coveredmethods="1" conditionals="0" coveredconditionals="0" statements="15" coveredstatements="4" elements="17" coveredelements="5"/>
      </file>
      <file name="/Users/tj/projects/honeybadger-php/lib/Honeybadger/Filter.php">
        <class name="Filter" namespace="Honeybadger" fullPackage="Honeybadger" package="Honeybadger">
          <metrics complexity="25" methods="6" coveredmethods="5" conditionals="0" coveredconditionals="0" statements="47" coveredstatements="44" elements="53" coveredelements="49"/>
        </class>
        <line num="21" type="method" name="callbacks" visibility="public" complexity="6" crap="6" count="38"/>
        <line num="23" type="stmt" count="38"/>
        <line num="24" type="stmt" count="8"/>
        <line num="27" type="stmt" count="35"/>
        <line num="29" type="stmt" count="35"/>
        <line num="30" type="stmt" count="35"/>
        <line num="33" type="stmt" count="35"/>
        <line num="34" type="stmt" count="4"/>
        <line num="36" type="stmt" count="34"/>
        <line num="38" type="stmt" count="33"/>
        <line num="39" type="stmt" count="33"/>
        <line num="40" type="stmt" count="33"/>
        <line num="42" type="stmt" count="33"/>
        <line num="54" type="method" name="params" visibility="public" complexity="7" crap="7" count="32"/>
        <line num="56" type="stmt" count="32"/>
        <line num="57" type="stmt" count="26"/>
        <line num="60" type="stmt" count="32"/>
        <line num="61" type="stmt" count="32"/>
        <line num="62" type="stmt" count="30"/>
        <line num="63" type="stmt" count="32"/>
        <line num="64" type="stmt" count="2"/>
        <line num="65" type="stmt" count="2"/>
        <line num="66" type="stmt" count="32"/>
        <line num="68" type="stmt" count="32"/>
        <line num="77" type="method" name="ignoreByClass" visibility="public" complexity="5" crap="5.51" count="4"/>
        <line num="79" type="stmt" count="4"/>
        <line num="80" type="stmt" count="0"/>
        <line num="83" type="stmt" count="4"/>
        <line num="85" type="stmt" count="4"/>
        <line num="87" type="stmt" count="2"/>
        <line num="89" type="stmt" count="2"/>
        <line num="90" type="stmt" count="2"/>
        <line num="93" type="stmt" count="0"/>
        <line num="94" type="stmt" count="0"/>
        <line num="96" type="stmt" count="2"/>
        <line num="98" type="stmt" count="2"/>
        <line num="115" type="method" name="projectRoot" visibility="public" complexity="3" crap="3" count="35"/>
        <line num="117" type="stmt" count="35"/>
        <line num="118" type="stmt" count="35"/>
        <line num="120" type="stmt" count="35"/>
        <line num="121" type="stmt" count="23"/>
        <line num="124" type="stmt" count="12"/>
        <line num="125" type="stmt" count="12"/>
        <line num="127" type="stmt" count="12"/>
        <line num="143" type="method" name="expandPaths" visibility="public" complexity="2" crap="2" count="33"/>
        <line num="145" type="stmt" count="33"/>
        <line num="146" type="stmt" count="30"/>
        <line num="147" type="stmt" count="30"/>
        <line num="149" type="stmt" count="33"/>
        <line num="165" type="method" name="honeybadgerPaths" visibility="public" complexity="2" crap="2" count="33"/>
        <line num="167" type="stmt" count="33"/>
        <line num="168" type="stmt" count="31"/>
        <line num="171" type="stmt" count="3"/>
        <metrics loc="173" ncloc="103" classes="1" methods="6" coveredmethods="5" conditionals="0" coveredconditionals="0" statements="47" coveredstatements="44" elements="53" coveredelements="49"/>
      </file>
      <file name="/Users/tj/projects/honeybadger-php/lib/Honeybadger/Honeybadger.php">
        <class name="Honeybadger" namespace="Honeybadger" fullPackage="Honeybadger" package="Honeybadger">
          <metrics complexity="23" methods="13" coveredmethods="11" conditionals="0" coveredconditionals="0" statements="64" coveredstatements="50" elements="77" coveredelements="61"/>
        </class>
        <line num="58" type="method" name="init" visibility="public" complexity="2" crap="2" count="4"/>
        <line num="61" type="stmt" count="4"/>
        <line num="62" type="stmt" count="3"/>
        <line num="66" type="stmt" count="1"/>
        <line num="68" type="stmt" count="1"/>
        <line num="69" type="stmt" count="1"/>
        <line num="70" type="stmt" count="1"/>
        <line num="73" type="stmt" count="1"/>
        <line num="74" type="stmt" count="1"/>
        <line num="82" type="method" name="handleErrors" visibility="public" complexity="1" crap="1" count="1"/>
        <line num="84" type="stmt" count="1"/>
        <line num="85" type="stmt" count="1"/>
        <line num="86" type="stmt" count="1"/>
        <line num="96" type="method" name="context" visibility="public" complexity="1" crap="1" count="33"/>
        <line num="98" type="stmt" count="33"/>
        <line num="109" type="method" name="resetContext" visibility="public" complexity="1" crap="1" count="19"/>
        <line num="111" type="stmt" count="19"/>
        <line num="117" type="method" name="reportEnvironmentInfo" visibility="public" complexity="1" crap="1" count="1"/>
        <line num="119" type="stmt" count="1"/>
        <line num="120" type="stmt" count="1"/>
        <line num="121" type="stmt" count="1"/>
        <line num="123" type="stmt" count="1"/>
        <line num="125" type="stmt" count="1"/>
        <line num="126" type="stmt" count="1"/>
        <line num="131" type="method" name="environmentInfo" visibility="public" complexity="3" crap="3" count="6"/>
        <line num="133" type="stmt" count="6"/>
        <line num="135" type="stmt" count="6"/>
        <line num="136" type="stmt" count="5"/>
        <line num="137" type="stmt" count="5"/>
        <line num="139" type="stmt" count="6"/>
        <line num="140" type="stmt" count="5"/>
        <line num="141" type="stmt" count="5"/>
        <line num="143" type="stmt" count="6"/>
        <line num="149" type="method" name="reportResponseBody" visibility="public" complexity="1" crap="1" count="1"/>
        <line num="151" type="stmt" count="1"/>
        <line num="152" type="stmt" count="1"/>
        <line num="153" type="stmt" count="1"/>
        <line num="155" type="stmt" count="1"/>
        <line num="157" type="stmt" count="1"/>
        <line num="158" type="stmt" count="1"/>
        <line num="168" type="method" name="notify" visibility="public" complexity="1" crap="1" count="3"/>
        <line num="170" type="stmt" count="3"/>
        <line num="172" type="stmt" count="3"/>
        <line num="181" type="method" name="buildNoticeFor" visibility="private" complexity="3" crap="3" count="5"/>
        <line num="186" type="stmt" count="5"/>
        <line num="187" type="stmt" count="4"/>
        <line num="188" type="stmt" count="5"/>
        <line num="189" type="stmt" count="1"/>
        <line num="190" type="stmt" count="1"/>
        <line num="192" type="stmt" count="5"/>
        <line num="200" type="method" name="unwrapException" visibility="private" complexity="2" crap="2.15" count="4"/>
        <line num="202" type="stmt" count="4"/>
        <line num="203" type="stmt" count="0"/>
        <line num="206" type="stmt" count="4"/>
        <line num="214" type="method" name="sendNotice" visibility="private" complexity="2" crap="2" count="4"/>
        <line num="216" type="stmt" count="4"/>
        <line num="217" type="stmt" count="3"/>
        <line num="220" type="stmt" count="1"/>
        <line num="232" type="method" name="notifyOrIgnore" visibility="public" complexity="2" crap="2" count="2"/>
        <line num="237" type="stmt" count="2"/>
        <line num="239" type="stmt" count="2"/>
        <line num="240" type="stmt" count="1"/>
        <line num="243" type="stmt" count="1"/>
        <line num="252" type="method" name="buildLookupHashFor" visibility="public" complexity="3" crap="12" count="0"/>
        <line num="257" type="stmt" count="0"/>
        <line num="260" type="stmt" count="0"/>
        <line num="261" type="stmt" count="0"/>
        <line num="262" type="stmt" count="0"/>
        <line num="263" type="stmt" count="0"/>
        <line num="265" type="stmt" count="0"/>
        <line num="266" type="stmt" count="0"/>
        <line num="267" type="stmt" count="0"/>
        <line num="269" type="stmt" count="0"/>
        <line num="270" type="stmt" count="0"/>
        <line num="271" type="stmt" count="0"/>
        <line num="272" type="stmt" count="0"/>
        <line num="274" type="stmt" count="0"/>
        <metrics loc="276" ncloc="158" classes="1" methods="13" coveredmethods="11" conditionals="0" coveredconditionals="0" statements="64" coveredstatements="50" elements="77" coveredelements="61"/>
      </file>
      <file name="/Users/tj/projects/honeybadger-php/lib/Honeybadger/Logger.php">
        <class name="Logger" namespace="Honeybadger" fullPackage="Honeybadger" category="Logging" package="Honeybadger">
          <metrics complexity="19" methods="14" coveredmethods="4" conditionals="0" coveredconditionals="0" statements="28" coveredstatements="16" elements="42" coveredelements="20"/>
        </class>
        <line num="93" type="method" name="__construct" visibility="public" complexity="1" crap="1" count="73"/>
        <line num="95" type="stmt" count="73"/>
        <line num="96" type="stmt" count="73"/>
        <line num="97" type="stmt" count="73"/>
        <line num="99" type="method" name="__get" visibility="public" complexity="3" crap="4.12" count="1"/>
        <line num="102" type="stmt" count="1"/>
        <line num="103" type="stmt" count="1"/>
        <line num="104" type="stmt" count="1"/>
        <line num="106" type="stmt" count="0"/>
        <line num="107" type="stmt" count="0"/>
        <line num="109" type="stmt" count="0"/>
        <line num="112" type="method" name="__set" visibility="public" complexity="1" crap="2" count="0"/>
        <line num="114" type="stmt" count="0"/>
        <line num="137" type="method" name="debug" visibility="public" complexity="1" crap="2" count="0"/>
        <line num="139" type="stmt" count="0"/>
        <line num="153" type="method" name="log" visibility="public" complexity="2" crap="2" count="2"/>
        <line num="155" type="stmt" count="2"/>
        <line num="156" type="stmt" count="2"/>
        <line num="157" type="stmt" count="2"/>
        <line num="159" type="stmt" count="2"/>
        <line num="190" type="method" name="format" visibility="protected" complexity="1" crap="1" count="2"/>
        <line num="192" type="stmt" count="2"/>
        <line num="203" type="method" name="interpolate" visibility="private" complexity="2" crap="2" count="2"/>
        <line num="206" type="stmt" count="2"/>
        <line num="207" type="stmt" count="2"/>
        <line num="208" type="stmt" count="2"/>
        <line num="209" type="stmt" count="2"/>
        <line num="212" type="stmt" count="2"/>
        <line num="235" type="method" name="info" visibility="public" complexity="1" crap="2" count="0"/>
        <line num="237" type="stmt" count="0"/>
        <line num="260" type="method" name="notice" visibility="public" complexity="1" crap="2" count="0"/>
        <line num="262" type="stmt" count="0"/>
        <line num="285" type="method" name="warning" visibility="public" complexity="1" crap="2" count="0"/>
        <line num="287" type="stmt" count="0"/>
        <line num="310" type="method" name="error" visibility="public" complexity="1" crap="2" count="0"/>
        <line num="312" type="stmt" count="0"/>
        <line num="335" type="method" name="critical" visibility="public" complexity="1" crap="2" count="0"/>
        <line num="337" type="stmt" count="0"/>
        <line num="360" type="method" name="alert" visibility="public" complexity="1" crap="2" count="0"/>
        <line num="362" type="stmt" count="0"/>
        <line num="385" type="method" name="emergency" visibility="public" complexity="1" crap="2" count="0"/>
        <line num="387" type="stmt" count="0"/>
        <metrics loc="389" ncloc="118" classes="1" methods="14" coveredmethods="4" conditionals="0" coveredconditionals="0" statements="28" coveredstatements="16" elements="42" coveredelements="20"/>
      </file>
      <file name="/Users/tj/projects/honeybadger-php/lib/Honeybadger/Notice.php">
        <class name="Notice" namespace="Honeybadger" fullPackage="Honeybadger" package="Honeybadger">
          <metrics complexity="40" methods="10" coveredmethods="7" conditionals="0" coveredconditionals="0" statements="127" coveredstatements="123" elements="137" coveredelements="130"/>
        </class>
        <line num="137" type="method" name="__construct" visibility="public" complexity="12" crap="12" count="30"/>
        <line num="140" type="stmt" count="30"/>
        <line num="142" type="stmt" count="30"/>
        <line num="144" type="stmt" count="30"/>
        <line num="145" type="stmt" count="30"/>
        <line num="146" type="stmt" count="30"/>
        <line num="147" type="stmt" count="30"/>
        <line num="149" type="stmt" count="30"/>
        <line num="150" type="stmt" count="30"/>
        <line num="151" type="stmt" count="30"/>
        <line num="153" type="stmt" count="30"/>
        <line num="154" type="stmt" count="30"/>
        <line num="155" type="stmt" count="30"/>
        <line num="156" type="stmt" count="30"/>
        <line num="158" type="stmt" count="30"/>
        <line num="159" type="stmt" count="1"/>
        <line num="160" type="stmt" count="30"/>
        <line num="161" type="stmt" count="3"/>
        <line num="162" type="stmt" count="3"/>
        <line num="164" type="stmt" count="30"/>
        <line num="165" type="stmt" count="2"/>
        <line num="166" type="stmt" count="30"/>
        <line num="167" type="stmt" count="1"/>
        <line num="168" type="stmt" count="28"/>
        <line num="169" type="stmt" count="1"/>
        <line num="170" type="stmt" count="1"/>
        <line num="172" type="stmt" count="30"/>
        <line num="173" type="stmt" count="2"/>
        <line num="174" type="stmt" count="30"/>
        <line num="175" type="stmt" count="1"/>
        <line num="176" type="stmt" count="1"/>
        <line num="178" type="stmt" count="30"/>
        <line num="180" type="stmt" count="30"/>
        <line num="181" type="stmt" count="11"/>
        <line num="183" type="stmt" count="11"/>
        <line num="184" type="stmt" count="0"/>
        <line num="185" type="stmt" count="0"/>
        <line num="187" type="stmt" count="11"/>
        <line num="188" type="stmt" count="11"/>
        <line num="189" type="stmt" count="11"/>
        <line num="190" type="stmt" count="19"/>
        <line num="191" type="stmt" count="3"/>
        <line num="192" type="stmt" count="3"/>
        <line num="193" type="stmt" count="16"/>
        <line num="196" type="stmt" count="19"/>
        <line num="197" type="stmt" count="19"/>
        <line num="200" type="stmt" count="30"/>
        <line num="201" type="stmt" count="30"/>
        <line num="202" type="stmt" count="30"/>
        <line num="204" type="stmt" count="30"/>
        <line num="206" type="stmt" count="30"/>
        <line num="208" type="stmt" count="30"/>
        <line num="209" type="stmt" count="30"/>
        <line num="211" type="stmt" count="30"/>
        <line num="213" type="stmt" count="30"/>
        <line num="214" type="stmt" count="30"/>
        <line num="215" type="stmt" count="30"/>
        <line num="216" type="stmt" count="30"/>
        <line num="221" type="method" name="extractSourceFromBacktrace" visibility="private" complexity="3" crap="3.03" count="30"/>
        <line num="223" type="stmt" count="30"/>
        <line num="224" type="stmt" count="0"/>
        <line num="227" type="stmt" count="30"/>
        <line num="228" type="stmt" count="7"/>
        <line num="229" type="stmt" count="7"/>
        <line num="230" type="stmt" count="23"/>
        <line num="233" type="stmt" count="30"/>
        <line num="239" type="method" name="findSessionData" visibility="private" complexity="5" crap="5" count="30"/>
        <line num="241" type="stmt" count="30"/>
        <line num="242" type="stmt" count="1"/>
        <line num="245" type="stmt" count="29"/>
        <line num="246" type="stmt" count="1"/>
        <line num="247" type="stmt" count="29"/>
        <line num="248" type="stmt" count="2"/>
        <line num="249" type="stmt" count="28"/>
        <line num="250" type="stmt" count="4"/>
        <line num="251" type="stmt" count="4"/>
        <line num="252" type="stmt" count="29"/>
        <line num="257" type="method" name="cleanParams" visibility="private" complexity="3" crap="3" count="30"/>
        <line num="259" type="stmt" count="30"/>
        <line num="261" type="stmt" count="30"/>
        <line num="262" type="stmt" count="30"/>
        <line num="263" type="stmt" count="30"/>
        <line num="265" type="stmt" count="30"/>
        <line num="266" type="stmt" count="7"/>
        <line num="267" type="stmt" count="7"/>
        <line num="268" type="stmt" count="30"/>
        <line num="273" type="method" name="filter" visibility="private" complexity="2" crap="2.06" count="30"/>
        <line num="275" type="stmt" count="30"/>
        <line num="276" type="stmt" count="0"/>
        <line num="279" type="stmt" count="30"/>
        <line num="280" type="stmt" count="30"/>
        <line num="285" type="method" name="setContext" visibility="private" complexity="4" crap="4" count="30"/>
        <line num="287" type="stmt" count="30"/>
        <line num="289" type="stmt" count="30"/>
        <line num="290" type="stmt" count="1"/>
        <line num="291" type="stmt" count="1"/>
        <line num="293" type="stmt" count="30"/>
        <line num="294" type="stmt" count="24"/>
        <line num="295" type="stmt" count="24"/>
        <line num="296" type="stmt" count="30"/>
        <line num="306" type="method" name="factory" visibility="public" complexity="1" crap="1" count="6"/>
        <line num="308" type="stmt" count="6"/>
        <line num="314" type="method" name="isIgnored" visibility="public" complexity="4" crap="4" count="4"/>
        <line num="316" type="stmt" count="4"/>
        <line num="317" type="stmt" count="2"/>
        <line num="320" type="stmt" count="2"/>
        <line num="321" type="stmt" count="1"/>
        <line num="322" type="stmt" count="1"/>
        <line num="324" type="stmt" count="1"/>
        <line num="326" type="stmt" count="1"/>
        <line num="332" type="method" name="deliver" visibility="public" complexity="1" crap="1" count="4"/>
        <line num="334" type="stmt" count="4"/>
        <line num="340" type="method" name="asArray" visibility="public" complexity="5" crap="5" count="4"/>
        <line num="342" type="stmt" count="4"/>
        <line num="346" type="stmt" count="4"/>
        <line num="347" type="stmt" count="4"/>
        <line num="348" type="stmt" count="4"/>
        <line num="349" type="stmt" count="4"/>
        <line num="350" type="stmt" count="4"/>
        <line num="352" type="stmt" count="4"/>
        <line num="353" type="stmt" count="4"/>
        <line num="354" type="stmt" count="4"/>
        <line num="355" type="stmt" count="4"/>
        <line num="356" type="stmt" count="4"/>
        <line num="358" type="stmt" count="4"/>
        <line num="359" type="stmt" count="4"/>
        <line num="360" type="stmt" count="4"/>
        <line num="361" type="stmt" count="4"/>
        <line num="362" type="stmt" count="4"/>
        <line num="363" type="stmt" count="4"/>
        <line num="364" type="stmt" count="4"/>
        <line num="365" type="stmt" count="4"/>
        <line num="367" type="stmt" count="4"/>
        <line num="368" type="stmt" count="4"/>
        <line num="369" type="stmt" count="4"/>
        <line num="370" type="stmt" count="4"/>
        <line num="371" type="stmt" count="4"/>
        <metrics loc="373" ncloc="244" classes="1" methods="10" coveredmethods="7" conditionals="0" coveredconditionals="0" statements="127" coveredstatements="123" elements="137" coveredelements="130"/>
      </file>
      <file name="/Users/tj/projects/honeybadger-php/lib/Honeybadger/Sender.php">
        <class name="Sender" namespace="Honeybadger" fullPackage="Honeybadger" package="Honeybadger">
          <metrics complexity="8" methods="3" coveredmethods="1" conditionals="0" coveredconditionals="0" statements="41" coveredstatements="33" elements="44" coveredelements="34"/>
        </class>
        <line num="31" type="method" name="sendToHoneybadger" visibility="public" complexity="3" crap="3.00" count="3"/>
        <line num="33" type="stmt" count="3"/>
        <line num="34" type="stmt" count="3"/>
        <line num="35" type="stmt" count="3"/>
        <line num="36" type="stmt" count="0"/>
        <line num="39" type="stmt" count="3"/>
        <line num="40" type="stmt" count="3"/>
        <line num="41" type="stmt" count="3"/>
        <line num="42" type="stmt" count="3"/>
        <line num="44" type="stmt" count="3"/>
        <line num="45" type="stmt" count="3"/>
        <line num="46" type="stmt" count="3"/>
        <line num="48" type="stmt" count="3"/>
        <line num="50" type="stmt" count="3"/>
        <line num="57" type="method" name="setupHttpClient" visibility="private" complexity="4" crap="4.45" count="3"/>
        <line num="60" type="stmt" count="3"/>
        <line num="65" type="stmt" count="3"/>
        <line num="66" type="stmt" count="3"/>
        <line num="68" type="stmt" count="3"/>
        <line num="69" type="stmt" count="3"/>
        <line num="70" type="stmt" count="3"/>
        <line num="71" type="stmt" count="3"/>
        <line num="72" type="stmt" count="3"/>
        <line num="74" type="stmt" count="3"/>
        <line num="75" type="stmt" count="0"/>
        <line num="76" type="stmt" count="0"/>
        <line num="77" type="stmt" count="0"/>
        <line num="78" type="stmt" count="0"/>
        <line num="79" type="stmt" count="0"/>
        <line num="81" type="stmt" count="3"/>
        <line num="82" type="stmt" count="3"/>
        <line num="83" type="stmt" count="3"/>
        <line num="86" type="stmt" count="3"/>
        <line num="87" type="stmt" count="3"/>
        <line num="88" type="stmt" count="3"/>
        <line num="90" type="stmt" count="3"/>
        <line num="92" type="stmt" count="0"/>
        <line num="97" type="stmt" count="0"/>
        <line num="104" type="method" name="userAgent" visibility="private" complexity="1" crap="1" count="3"/>
        <line num="106" type="stmt" count="3"/>
        <line num="107" type="stmt" count="3"/>
        <line num="108" type="stmt" count="3"/>
        <line num="109" type="stmt" count="3"/>
        <line num="111" type="stmt" count="3"/>
        <metrics loc="113" ncloc="77" classes="1" methods="3" coveredmethods="1" conditionals="0" coveredconditionals="0" statements="41" coveredstatements="33" elements="44" coveredelements="34"/>
      </file>
      <file name="/Users/tj/projects/honeybadger-php/lib/Honeybadger/Slim.php">
        <class name="Slim" namespace="Honeybadger" fullPackage="Honeybadger" category="Slim" package="Honeybadger">
          <metrics complexity="21" methods="11" coveredmethods="2" conditionals="0" coveredconditionals="0" statements="78" coveredstatements="19" elements="89" coveredelements="21"/>
        </class>
        <line num="46" type="method" name="__construct" visibility="public" complexity="1" crap="1" count="3"/>
        <line num="49" type="stmt" count="3"/>
        <line num="52" type="stmt" count="3"/>
        <line num="53" type="stmt" count="3"/>
        <line num="71" type="method" name="call" visibility="public" complexity="2" crap="2.50" count="3"/>
        <line num="73" type="stmt" count="3"/>
        <line num="76" type="stmt" count="3"/>
        <line num="78" type="stmt" count="3"/>
        <line num="81" type="stmt" count="0"/>
        <line num="82" type="stmt" count="0"/>
        <line num="83" type="stmt" count="0"/>
        <line num="86" type="stmt" count="0"/>
        <line num="88" type="stmt" count="3"/>
        <line num="98" type="method" name="init" visibility="protected" complexity="2" crap="2" count="3"/>
        <line num="100" type="stmt" count="3"/>
        <line num="102" type="stmt" count="3"/>
        <line num="103" type="stmt" count="3"/>
        <line num="106" type="stmt" count="3"/>
        <line num="108" type="stmt" count="3"/>
        <line num="109" type="stmt" count="3"/>
        <line num="110" type="stmt" count="3"/>
        <line num="111" type="stmt" count="3"/>
        <line num="114" type="stmt" count="3"/>
        <line num="115" type="stmt" count="3"/>
        <line num="116" type="stmt" count="3"/>
        <line num="117" type="stmt" count="3"/>
        <line num="124" type="method" name="informUsers" visibility="private" complexity="2" crap="6" count="0"/>
        <line num="126" type="stmt" count="0"/>
        <line num="127" type="stmt" count="0"/>
        <line num="130" type="stmt" count="0"/>
        <line num="131" type="stmt" count="0"/>
        <line num="132" type="stmt" count="0"/>
        <line num="134" type="stmt" count="0"/>
        <line num="137" type="stmt" count="0"/>
        <line num="138" type="stmt" count="0"/>
        <line num="139" type="stmt" count="0"/>
        <line num="140" type="stmt" count="0"/>
        <line num="141" type="stmt" count="0"/>
        <line num="142" type="stmt" count="0"/>
        <line num="150" type="method" name="userInfo" visibility="private" complexity="1" crap="2" count="0"/>
        <line num="152" type="stmt" count="0"/>
        <line num="160" type="method" name="notifyHoneybadger" visibility="private" complexity="2" crap="6" count="0"/>
        <line num="162" type="stmt" count="0"/>
        <line num="164" type="stmt" count="0"/>
        <line num="165" type="stmt" count="0"/>
        <line num="166" type="stmt" count="0"/>
        <line num="167" type="stmt" count="0"/>
        <line num="170" type="stmt" count="0"/>
        <line num="178" type="method" name="ignoredUserAgent" visibility="private" complexity="1" crap="2" count="0"/>
        <line num="180" type="stmt" count="0"/>
        <line num="181" type="stmt" count="0"/>
        <line num="182" type="stmt" count="0"/>
        <line num="183" type="stmt" count="0"/>
        <line num="194" type="method" name="noticeOptions" visibility="private" complexity="1" crap="2" count="0"/>
        <line num="196" type="stmt" count="0"/>
        <line num="199" type="stmt" count="0"/>
        <line num="200" type="stmt" count="0"/>
        <line num="201" type="stmt" count="0"/>
        <line num="202" type="stmt" count="0"/>
        <line num="214" type="method" name="formattedCgiData" visibility="private" complexity="4" crap="20" count="0"/>
        <line num="216" type="stmt" count="0"/>
        <line num="218" type="stmt" count="0"/>
        <line num="222" type="stmt" count="0"/>
        <line num="224" type="stmt" count="0"/>
        <line num="227" type="stmt" count="0"/>
        <line num="228" type="stmt" count="0"/>
        <line num="230" type="stmt" count="0"/>
        <line num="231" type="stmt" count="0"/>
        <line num="233" type="stmt" count="0"/>
        <line num="244" type="method" name="combinedParams" visibility="private" complexity="2" crap="6" count="0"/>
        <line num="246" type="stmt" count="0"/>
        <line num="250" type="stmt" count="0"/>
        <line num="251" type="stmt" count="0"/>
        <line num="252" type="stmt" count="0"/>
        <line num="253" type="stmt" count="0"/>
        <line num="255" type="stmt" count="0"/>
        <line num="256" type="stmt" count="0"/>
        <line num="259" type="stmt" count="0"/>
        <line num="270" type="method" name="requestUrl" visibility="private" complexity="3" crap="12" count="0"/>
        <line num="272" type="stmt" count="0"/>
        <line num="273" type="stmt" count="0"/>
        <line num="275" type="stmt" count="0"/>
        <line num="276" type="stmt" count="0"/>
        <line num="277" type="stmt" count="0"/>
        <line num="279" type="stmt" count="0"/>
        <line num="281" type="stmt" count="0"/>
        <line num="282" type="stmt" count="0"/>
        <line num="283" type="stmt" count="0"/>
        <line num="285" type="stmt" count="0"/>
        <metrics loc="287" ncloc="139" classes="1" methods="11" coveredmethods="2" conditionals="0" coveredconditionals="0" statements="78" coveredstatements="19" elements="89" coveredelements="21"/>
      </file>
      <file name="/Users/tj/projects/honeybadger-php/lib/Honeybadger/TestCase.php">
        <class name="TestCase" namespace="Honeybadger" fullPackage="Honeybadger" package="Honeybadger">
          <metrics complexity="12" methods="7" coveredmethods="5" conditionals="0" coveredconditionals="0" statements="35" coveredstatements="33" elements="42" coveredelements="38"/>
        </class>
        <line num="36" type="method" name="buildException" visibility="public" complexity="2" crap="2" count="5"/>
        <line num="38" type="stmt" count="5"/>
        <line num="39" type="stmt" count="5"/>
        <line num="40" type="stmt" count="5"/>
        <line num="41" type="stmt" count="5"/>
        <line num="43" type="stmt" count="5"/>
        <line num="52" type="method" name="setUp" visibility="public" complexity="5" crap="5" count="73"/>
        <line num="54" type="stmt" count="73"/>
        <line num="56" type="stmt" count="73"/>
        <line num="57" type="stmt" count="73"/>
        <line num="59" type="stmt" count="73"/>
        <line num="60" type="stmt" count="73"/>
        <line num="62" type="stmt" count="73"/>
        <line num="63" type="stmt" count="73"/>
        <line num="64" type="stmt" count="73"/>
        <line num="65" type="stmt" count="73"/>
        <line num="66" type="stmt" count="73"/>
        <line num="67" type="stmt" count="73"/>
        <line num="68" type="stmt" count="73"/>
        <line num="69" type="stmt" count="73"/>
        <line num="71" type="stmt" count="73"/>
        <line num="72" type="stmt" count="73"/>
        <line num="74" type="stmt" count="73"/>
        <line num="75" type="stmt" count="73"/>
        <line num="76" type="stmt" count="73"/>
        <line num="78" type="stmt" count="73"/>
        <line num="79" type="stmt" count="73"/>
        <line num="80" type="stmt" count="73"/>
        <line num="82" type="stmt" count="73"/>
        <line num="83" type="stmt" count="73"/>
        <line num="95" type="method" name="setEnvironment" visibility="public" complexity="1" crap="1" count="73"/>
        <line num="97" type="stmt" count="73"/>
        <line num="106" type="method" name="tearDown" visibility="public" complexity="1" crap="1" count="73"/>
        <line num="108" type="stmt" count="73"/>
        <line num="109" type="stmt" count="73"/>
        <line num="119" type="method" name="dirSeparator" visibility="public" complexity="1" crap="2" count="0"/>
        <line num="121" type="stmt" count="0"/>
        <line num="124" type="method" name="restoreEnvironment" visibility="public" complexity="1" crap="1" count="1"/>
        <line num="126" type="stmt" count="1"/>
        <line num="127" type="stmt" count="1"/>
        <line num="134" type="method" name="hasInternet" visibility="public" complexity="1" crap="2" count="0"/>
        <line num="136" type="stmt" count="0"/>
        <metrics loc="138" ncloc="83" classes="1" methods="7" coveredmethods="5" conditionals="0" coveredconditionals="0" statements="35" coveredstatements="33" elements="42" coveredelements="38"/>
      </file>
    </package>
    <package name="Honeybadger\Backtrace">
      <file name="/Users/tj/projects/honeybadger-php/lib/Honeybadger/Backtrace/Line.php">
        <class name="Line" namespace="Honeybadger\Backtrace" fullPackage="Honeybadger" category="Backtrace" package="Honeybadger">
          <metrics complexity="23" methods="9" coveredmethods="8" conditionals="0" coveredconditionals="0" statements="88" coveredstatements="87" elements="97" coveredelements="95"/>
        </class>
        <line num="72" type="method" name="__construct" visibility="public" complexity="4" crap="4" count="45"/>
        <line num="81" type="stmt" count="45"/>
        <line num="82" type="stmt" count="19"/>
        <line num="83" type="stmt" count="19"/>
        <line num="85" type="stmt" count="45"/>
        <line num="86" type="stmt" count="45"/>
        <line num="87" type="stmt" count="45"/>
        <line num="89" type="stmt" count="45"/>
        <line num="90" type="stmt" count="19"/>
        <line num="91" type="stmt" count="19"/>
        <line num="93" type="stmt" count="45"/>
        <line num="94" type="stmt" count="45"/>
        <line num="95" type="stmt" count="45"/>
        <line num="96" type="stmt" count="45"/>
        <line num="97" type="stmt" count="45"/>
        <line num="98" type="stmt" count="45"/>
        <line num="99" type="stmt" count="45"/>
        <line num="110" type="method" name="parse" visibility="public" complexity="5" crap="5" count="36"/>
        <line num="112" type="stmt" count="36"/>
        <line num="113" type="stmt" count="28"/>
        <line num="114" type="stmt" count="28"/>
        <line num="116" type="stmt" count="36"/>
        <line num="117" type="stmt" count="8"/>
        <line num="118" type="stmt" count="8"/>
        <line num="120" type="stmt" count="36"/>
        <line num="122" type="stmt" count="36"/>
        <line num="123" type="stmt" count="3"/>
        <line num="127" type="stmt" count="35"/>
        <line num="129" type="stmt" count="35"/>
        <line num="130" type="stmt" count="35"/>
        <line num="131" type="stmt" count="35"/>
        <line num="133" type="stmt" count="35"/>
        <line num="136" type="stmt" count="35"/>
        <line num="138" type="stmt" count="35"/>
        <line num="139" type="stmt" count="35"/>
        <line num="140" type="stmt" count="35"/>
        <line num="142" type="stmt" count="35"/>
        <line num="144" type="stmt" count="35"/>
        <line num="145" type="stmt" count="35"/>
        <line num="146" type="stmt" count="35"/>
        <line num="147" type="stmt" count="35"/>
        <line num="148" type="stmt" count="35"/>
        <line num="149" type="stmt" count="35"/>
        <line num="151" type="stmt" count="35"/>
        <line num="161" type="method" name="__toString" visibility="public" complexity="1" crap="1" count="7"/>
        <line num="163" type="stmt" count="7"/>
        <line num="164" type="stmt" count="7"/>
        <line num="165" type="stmt" count="7"/>
        <line num="166" type="stmt" count="7"/>
        <line num="167" type="stmt" count="7"/>
        <line num="168" type="stmt" count="7"/>
        <line num="178" type="method" name="equals" visibility="public" complexity="1" crap="1" count="2"/>
        <line num="180" type="stmt" count="2"/>
        <line num="189" type="method" name="isApplication" visibility="public" complexity="2" crap="2" count="43"/>
        <line num="191" type="stmt" count="43"/>
        <line num="192" type="stmt" count="43"/>
        <line num="203" type="method" name="source" visibility="public" complexity="2" crap="2.02" count="33"/>
        <line num="205" type="stmt" count="33"/>
        <line num="206" type="stmt" count="0"/>
        <line num="209" type="stmt" count="33"/>
        <line num="210" type="stmt" count="33"/>
        <line num="211" type="stmt" count="33"/>
        <line num="213" type="stmt" count="33"/>
        <line num="226" type="method" name="getSource" visibility="private" complexity="6" crap="6" count="33"/>
        <line num="228" type="stmt" count="33"/>
        <line num="229" type="stmt" count="8"/>
        <line num="232" type="stmt" count="25"/>
        <line num="233" type="stmt" count="25"/>
        <line num="235" type="stmt" count="25"/>
        <line num="236" type="stmt" count="2"/>
        <line num="237" type="stmt" count="2"/>
        <line num="238" type="stmt" count="2"/>
        <line num="240" type="stmt" count="25"/>
        <line num="241" type="stmt" count="25"/>
        <line num="242" type="stmt" count="25"/>
        <line num="244" type="stmt" count="25"/>
        <line num="246" type="stmt" count="25"/>
        <line num="247" type="stmt" count="25"/>
        <line num="249" type="stmt" count="25"/>
        <line num="250" type="stmt" count="23"/>
        <line num="253" type="stmt" count="25"/>
        <line num="254" type="stmt" count="25"/>
        <line num="256" type="stmt" count="25"/>
        <line num="267" type="method" name="trimLine" visibility="private" complexity="1" crap="1" count="25"/>
        <line num="269" type="stmt" count="25"/>
        <line num="271" type="stmt" count="25"/>
        <line num="273" type="stmt" count="25"/>
        <line num="275" type="stmt" count="25"/>
        <line num="277" type="stmt" count="25"/>
        <line num="278" type="stmt" count="25"/>
        <line num="279" type="stmt" count="25"/>
        <line num="281" type="stmt" count="25"/>
        <line num="289" type="method" name="asArray" visibility="public" complexity="1" crap="1" count="9"/>
        <line num="292" type="stmt" count="9"/>
        <line num="293" type="stmt" count="9"/>
        <line num="294" type="stmt" count="9"/>
        <line num="295" type="stmt" count="9"/>
        <metrics loc="297" ncloc="186" classes="1" methods="9" coveredmethods="8" conditionals="0" coveredconditionals="0" statements="88" coveredstatements="87" elements="97" coveredelements="95"/>
      </file>
    </package>
    <package name="Honeybadger\Errors">
      <file name="/Users/tj/projects/honeybadger-php/lib/Honeybadger/Errors/HoneybadgerError.php">
        <class name="HoneybadgerError" namespace="Honeybadger\Errors" fullPackage="Honeybadger" category="Errors" package="Honeybadger">
          <metrics complexity="3" methods="3" coveredmethods="2" conditionals="0" coveredconditionals="0" statements="11" coveredstatements="10" elements="14" coveredelements="12"/>
        </class>
        <line num="26" type="method" name="__construct" visibility="public" complexity="1" crap="1" count="3"/>
        <line num="34" type="stmt" count="3"/>
        <line num="37" type="stmt" count="3"/>
        <line num="41" type="stmt" count="3"/>
        <line num="42" type="stmt" count="3"/>
        <line num="52" type="method" name="__toString" visibility="public" complexity="1" crap="2" count="0"/>
        <line num="54" type="stmt" count="0"/>
        <line num="66" type="method" name="text" visibility="public" complexity="1" crap="1" count="11"/>
        <line num="68" type="stmt" count="11"/>
        <line num="69" type="stmt" count="11"/>
        <line num="70" type="stmt" count="11"/>
        <line num="71" type="stmt" count="11"/>
        <line num="72" type="stmt" count="11"/>
        <line num="73" type="stmt" count="11"/>
        <metrics loc="75" ncloc="30" classes="1" methods="3" coveredmethods="2" conditionals="0" coveredconditionals="0" statements="11" coveredstatements="10" elements="14" coveredelements="12"/>
      </file>
      <file name="/Users/tj/projects/honeybadger-php/lib/Honeybadger/Errors/NonExistentProperty.php">
        <class name="NonExistentProperty" namespace="Honeybadger\Errors" fullPackage="Honeybadger" category="Errors" package="Honeybadger">
          <metrics complexity="1" methods="1" coveredmethods="1" conditionals="0" coveredconditionals="0" statements="6" coveredstatements="6" elements="7" coveredelements="7"/>
        </class>
        <line num="18" type="method" name="__construct" visibility="public" complexity="1" crap="1" count="1"/>
        <line num="20" type="stmt" count="1"/>
        <line num="21" type="stmt" count="1"/>
        <line num="23" type="stmt" count="1"/>
        <line num="24" type="stmt" count="1"/>
        <line num="26" type="stmt" count="1"/>
        <line num="27" type="stmt" count="1"/>
        <metrics loc="28" ncloc="16" classes="1" methods="1" coveredmethods="1" conditionals="0" coveredconditionals="0" statements="6" coveredstatements="6" elements="7" coveredelements="7"/>
      </file>
      <file name="/Users/tj/projects/honeybadger-php/lib/Honeybadger/Errors/ReadOnly.php">
        <class name="ReadOnly" namespace="Honeybadger\Errors" fullPackage="Honeybadger" category="Errors" package="Honeybadger">
          <metrics complexity="1" methods="1" coveredmethods="0" conditionals="0" coveredconditionals="0" statements="5" coveredstatements="0" elements="6" coveredelements="0"/>
        </class>
        <line num="17" type="method" name="__construct" visibility="public" complexity="1" crap="2" count="0"/>
        <line num="19" type="stmt" count="0"/>
        <line num="20" type="stmt" count="0"/>
        <line num="22" type="stmt" count="0"/>
        <line num="24" type="stmt" count="0"/>
        <line num="25" type="stmt" count="0"/>
        <metrics loc="26" ncloc="15" classes="1" methods="1" coveredmethods="0" conditionals="0" coveredconditionals="0" statements="5" coveredstatements="0" elements="6" coveredelements="0"/>
      </file>
    </package>
    <package name="Honeybadger\Logger">
      <file name="/Users/tj/projects/honeybadger-php/lib/Honeybadger/Logger/Slim.php">
        <class name="Slim" namespace="Honeybadger\Logger" fullPackage="Honeybadger" category="Slim" package="Honeybadger">
          <metrics complexity="10" methods="2" coveredmethods="0" conditionals="0" coveredconditionals="0" statements="27" coveredstatements="0" elements="29" coveredelements="0"/>
        </class>
        <line num="23" type="method" name="write" visibility="public" complexity="1" crap="2" count="0"/>
        <line num="25" type="stmt" count="0"/>
        <line num="26" type="stmt" count="0"/>
        <line num="33" type="method" name="translateSeverity" visibility="private" complexity="9" crap="90" count="0"/>
        <line num="36" type="stmt" count="0"/>
        <line num="37" type="stmt" count="0"/>
        <line num="38" type="stmt" count="0"/>
        <line num="40" type="stmt" count="0"/>
        <line num="41" type="stmt" count="0"/>
        <line num="42" type="stmt" count="0"/>
        <line num="44" type="stmt" count="0"/>
        <line num="45" type="stmt" count="0"/>
        <line num="46" type="stmt" count="0"/>
        <line num="48" type="stmt" count="0"/>
        <line num="49" type="stmt" count="0"/>
        <line num="50" type="stmt" count="0"/>
        <line num="52" type="stmt" count="0"/>
        <line num="53" type="stmt" count="0"/>
        <line num="54" type="stmt" count="0"/>
        <line num="56" type="stmt" count="0"/>
        <line num="57" type="stmt" count="0"/>
        <line num="58" type="stmt" count="0"/>
        <line num="60" type="stmt" count="0"/>
        <line num="61" type="stmt" count="0"/>
        <line num="62" type="stmt" count="0"/>
        <line num="64" type="stmt" count="0"/>
        <line num="65" type="stmt" count="0"/>
        <line num="66" type="stmt" count="0"/>
        <line num="69" type="stmt" count="0"/>
        <metrics loc="71" ncloc="52" classes="1" methods="2" coveredmethods="0" conditionals="0" coveredconditionals="0" statements="27" coveredstatements="0" elements="29" coveredelements="0"/>
      </file>
      <file name="/Users/tj/projects/honeybadger-php/lib/Honeybadger/Logger/Test.php">
        <class name="Test" namespace="Honeybadger\Logger" fullPackage="Honeybadger" category="Logging" package="Honeybadger">
          <metrics complexity="2" methods="2" coveredmethods="2" conditionals="0" coveredconditionals="0" statements="5" coveredstatements="5" elements="7" coveredelements="7"/>
        </class>
        <line num="27" type="method" name="write" visibility="public" complexity="1" crap="1" count="2"/>
        <line num="29" type="stmt" count="2"/>
        <line num="30" type="stmt" count="2"/>
        <line num="31" type="stmt" count="2"/>
        <line num="33" type="stmt" count="2"/>
        <line num="38" type="method" name="lastEntry" visibility="public" complexity="1" crap="1" count="2"/>
        <line num="40" type="stmt" count="2"/>
        <metrics loc="42" ncloc="22" classes="1" methods="2" coveredmethods="2" conditionals="0" coveredconditionals="0" statements="5" coveredstatements="5" elements="7" coveredelements="7"/>
      </file>
      <file name="/Users/tj/projects/honeybadger-php/lib/Honeybadger/Logger/Void.php">
        <class name="Void" namespace="Honeybadger\Logger" fullPackage="Honeybadger" category="Logging" package="Honeybadger">
          <metrics complexity="1" methods="1" coveredmethods="0" conditionals="0" coveredconditionals="0" statements="1" coveredstatements="0" elements="2" coveredelements="0"/>
        </class>
        <line num="27" type="method" name="write" visibility="public" complexity="1" crap="2" count="0"/>
        <line num="30" type="stmt" count="0"/>
        <metrics loc="31" ncloc="12" classes="1" methods="1" coveredmethods="0" conditionals="0" coveredconditionals="0" statements="1" coveredstatements="0" elements="2" coveredelements="0"/>
      </file>
    </package>
    <package name="Honeybadger\TestCase">
      <file name="/Users/tj/projects/honeybadger-php/lib/Honeybadger/TestCase/Helpers.php">
        <class name="Helpers" namespace="Honeybadger\TestCase" fullPackage="Honeybadger" package="Honeybadger">
          <metrics complexity="15" methods="4" coveredmethods="1" conditionals="0" coveredconditionals="0" statements="35" coveredstatements="22" elements="39" coveredelements="23"/>
        </class>
        <line num="45" type="method" name="hasInternet" visibility="public" complexity="2" crap="6" count="0"/>
        <line num="47" type="stmt" count="0"/>
        <line num="50" type="stmt" count="0"/>
        <line num="51" type="stmt" count="0"/>
        <line num="52" type="stmt" count="0"/>
        <line num="54" type="stmt" count="0"/>
        <line num="65" type="method" name="dirSeparator" visibility="public" complexity="1" crap="2" count="0"/>
        <line num="67" type="stmt" count="0"/>
        <line num="76" type="method" name="restoreEnvironment" visibility="public" complexity="1" crap="1" count="73"/>
        <line num="78" type="stmt" count="73"/>
        <line num="79" type="stmt" count="73"/>
        <line num="94" type="method" name="setEnvironment" visibility="public" complexity="11" crap="13.11" count="73"/>
        <line num="96" type="stmt" count="73"/>
        <line num="97" type="stmt" count="0"/>
        <line num="100" type="stmt" count="73"/>
        <line num="101" type="stmt" count="73"/>
        <line num="104" type="stmt" count="73"/>
        <line num="106" type="stmt" count="26"/>
        <line num="108" type="stmt" count="26"/>
        <line num="109" type="stmt" count="26"/>
        <line num="110" type="stmt" count="26"/>
        <line num="113" type="stmt" count="26"/>
        <line num="114" type="stmt" count="26"/>
        <line num="115" type="stmt" count="73"/>
        <line num="116" type="stmt" count="73"/>
        <line num="118" type="stmt" count="73"/>
        <line num="120" type="stmt" count="73"/>
        <line num="121" type="stmt" count="73"/>
        <line num="122" type="stmt" count="73"/>
        <line num="124" type="stmt" count="73"/>
        <line num="125" type="stmt" count="73"/>
        <line num="126" type="stmt" count="0"/>
        <line num="127" type="stmt" count="0"/>
        <line num="128" type="stmt" count="0"/>
        <line num="129" type="stmt" count="0"/>
        <line num="131" type="stmt" count="0"/>
        <line num="132" type="stmt" count="0"/>
        <line num="133" type="stmt" count="73"/>
        <line num="134" type="stmt" count="73"/>
        <metrics loc="135" ncloc="71" classes="1" methods="4" coveredmethods="1" conditionals="0" coveredconditionals="0" statements="35" coveredstatements="22" elements="39" coveredelements="23"/>
      </file>
    </package>
    <package name="Honeybadger\Util">
      <file name="/Users/tj/projects/honeybadger-php/lib/Honeybadger/Util/Arr.php">
        <class name="Arr" namespace="Honeybadger\Util" fullPackage="Honeybadger" category="Util" package="Honeybadger">
          <metrics complexity="61" methods="14" coveredmethods="11" conditionals="0" coveredconditionals="0" statements="146" coveredstatements="142" elements="160" coveredelements="153"/>
        </class>
        <line num="33" type="method" name="range" visibility="public" complexity="3" crap="3.03" count="3"/>
        <line num="35" type="stmt" count="3"/>
        <line num="36" type="stmt" count="0"/>
        <line num="39" type="stmt" count="3"/>
        <line num="40" type="stmt" count="3"/>
        <line num="41" type="stmt" count="2"/>
        <line num="42" type="stmt" count="2"/>
        <line num="44" type="stmt" count="3"/>
        <line num="63" type="method" name="get" visibility="public" complexity="2" crap="2" count="79"/>
        <line num="65" type="stmt" count="79"/>
        <line num="87" type="method" name="extract" visibility="public" complexity="2" crap="2" count="5"/>
        <line num="89" type="stmt" count="5"/>
        <line num="90" type="stmt" count="5"/>
        <line num="91" type="stmt" count="5"/>
        <line num="92" type="stmt" count="5"/>
        <line num="94" type="stmt" count="5"/>
        <line num="107" type="method" name="setPath" visibility="public" complexity="5" crap="5.05" count="10"/>
        <line num="109" type="stmt" count="10"/>
        <line num="111" type="stmt" count="9"/>
        <line num="112" type="stmt" count="9"/>
        <line num="115" type="stmt" count="10"/>
        <line num="118" type="stmt" count="10"/>
        <line num="119" type="stmt" count="7"/>
        <line num="121" type="stmt" count="7"/>
        <line num="123" type="stmt" count="0"/>
        <line num="124" type="stmt" count="0"/>
        <line num="126" type="stmt" count="7"/>
        <line num="127" type="stmt" count="5"/>
        <line num="128" type="stmt" count="5"/>
        <line num="130" type="stmt" count="7"/>
        <line num="131" type="stmt" count="7"/>
        <line num="134" type="stmt" count="10"/>
        <line num="135" type="stmt" count="10"/>
        <line num="160" type="method" name="path" visibility="public" complexity="14" crap="14" count="20"/>
        <line num="162" type="stmt" count="20"/>
        <line num="164" type="stmt" count="3"/>
        <line num="167" type="stmt" count="20"/>
        <line num="169" type="stmt" count="1"/>
        <line num="170" type="stmt" count="1"/>
        <line num="171" type="stmt" count="19"/>
        <line num="173" type="stmt" count="8"/>
        <line num="176" type="stmt" count="17"/>
        <line num="178" type="stmt" count="16"/>
        <line num="179" type="stmt" count="16"/>
        <line num="182" type="stmt" count="17"/>
        <line num="185" type="stmt" count="17"/>
        <line num="188" type="stmt" count="17"/>
        <line num="192" type="stmt" count="18"/>
        <line num="194" type="stmt" count="18"/>
        <line num="196" type="stmt" count="1"/>
        <line num="197" type="stmt" count="1"/>
        <line num="199" type="stmt" count="18"/>
        <line num="200" type="stmt" count="14"/>
        <line num="201" type="stmt" count="13"/>
        <line num="203" type="stmt" count="11"/>
        <line num="204" type="stmt" count="11"/>
        <line num="206" type="stmt" count="2"/>
        <line num="208" type="stmt" count="11"/>
        <line num="210" type="stmt" count="9"/>
        <line num="212" type="stmt" count="15"/>
        <line num="215" type="stmt" count="3"/>
        <line num="216" type="stmt" count="3"/>
        <line num="217" type="stmt" count="3"/>
        <line num="218" type="stmt" count="2"/>
        <line num="219" type="stmt" count="2"/>
        <line num="220" type="stmt" count="3"/>
        <line num="222" type="stmt" count="3"/>
        <line num="224" type="stmt" count="2"/>
        <line num="227" type="stmt" count="1"/>
        <line num="231" type="stmt" count="7"/>
        <line num="233" type="stmt" count="11"/>
        <line num="236" type="stmt" count="9"/>
        <line num="256" type="method" name="isArray" visibility="public" complexity="3" crap="3" count="57"/>
        <line num="258" type="stmt" count="57"/>
        <line num="260" type="stmt" count="51"/>
        <line num="264" type="stmt" count="42"/>
        <line num="281" type="method" name="pluck" visibility="public" complexity="3" crap="3" count="1"/>
        <line num="283" type="stmt" count="1"/>
        <line num="285" type="stmt" count="1"/>
        <line num="286" type="stmt" count="1"/>
        <line num="288" type="stmt" count="1"/>
        <line num="289" type="stmt" count="1"/>
        <line num="290" type="stmt" count="1"/>
        <line num="292" type="stmt" count="1"/>
        <line num="307" type="method" name="unshift" visibility="public" complexity="1" crap="1" count="2"/>
        <line num="309" type="stmt" count="2"/>
        <line num="310" type="stmt" count="2"/>
        <line num="311" type="stmt" count="2"/>
        <line num="313" type="stmt" count="2"/>
        <line num="343" type="method" name="map" visibility="public" complexity="7" crap="7" count="5"/>
        <line num="345" type="stmt" count="5"/>
        <line num="346" type="stmt" count="5"/>
        <line num="347" type="stmt" count="1"/>
        <line num="348" type="stmt" count="5"/>
        <line num="349" type="stmt" count="5"/>
        <line num="350" type="stmt" count="1"/>
        <line num="351" type="stmt" count="1"/>
        <line num="352" type="stmt" count="1"/>
        <line num="353" type="stmt" count="1"/>
        <line num="354" type="stmt" count="4"/>
        <line num="356" type="stmt" count="5"/>
        <line num="357" type="stmt" count="5"/>
        <line num="359" type="stmt" count="5"/>
        <line num="386" type="method" name="merge" visibility="public" complexity="9" crap="9" count="93"/>
        <line num="388" type="stmt" count="93"/>
        <line num="389" type="stmt" count="93"/>
        <line num="390" type="stmt" count="43"/>
        <line num="391" type="stmt" count="43"/>
        <line num="392" type="stmt" count="43"/>
        <line num="393" type="stmt" count="43"/>
        <line num="394" type="stmt" count="43"/>
        <line num="395" type="stmt" count="7"/>
        <line num="396" type="stmt" count="7"/>
        <line num="397" type="stmt" count="40"/>
        <line num="399" type="stmt" count="43"/>
        <line num="400" type="stmt" count="43"/>
        <line num="401" type="stmt" count="83"/>
        <line num="402" type="stmt" count="12"/>
        <line num="403" type="stmt" count="11"/>
        <line num="404" type="stmt" count="11"/>
        <line num="405" type="stmt" count="83"/>
        <line num="407" type="stmt" count="93"/>
        <line num="409" type="stmt" count="93"/>
        <line num="425" type="method" name="isAssoc" visibility="public" complexity="1" crap="1" count="96"/>
        <line num="428" type="stmt" count="96"/>
        <line num="432" type="stmt" count="96"/>
        <line num="453" type="method" name="overwrite" visibility="public" complexity="3" crap="3" count="35"/>
        <line num="455" type="stmt" count="35"/>
        <line num="456" type="stmt" count="35"/>
        <line num="457" type="stmt" count="33"/>
        <line num="458" type="stmt" count="35"/>
        <line num="459" type="stmt" count="35"/>
        <line num="461" type="stmt" count="35"/>
        <line num="479" type="method" name="callback" visibility="public" complexity="4" crap="4" count="5"/>
        <line num="482" type="stmt" count="5"/>
        <line num="485" type="stmt" count="5"/>
        <line num="487" type="stmt" count="4"/>
        <line num="489" type="stmt" count="4"/>
        <line num="491" type="stmt" count="4"/>
        <line num="492" type="stmt" count="4"/>
        <line num="493" type="stmt" count="4"/>
        <line num="494" type="stmt" count="4"/>
        <line num="496" type="stmt" count="1"/>
        <line num="499" type="stmt" count="5"/>
        <line num="501" type="stmt" count="2"/>
        <line num="502" type="stmt" count="2"/>
        <line num="504" type="stmt" count="5"/>
        <line num="526" type="method" name="flatten" visibility="public" complexity="4" crap="4.01" count="1"/>
        <line num="528" type="stmt" count="1"/>
        <line num="530" type="stmt" count="1"/>
        <line num="531" type="stmt" count="1"/>
        <line num="532" type="stmt" count="1"/>
        <line num="533" type="stmt" count="1"/>
        <line num="534" type="stmt" count="1"/>
        <line num="535" type="stmt" count="1"/>
        <line num="536" type="stmt" count="1"/>
        <line num="537" type="stmt" count="1"/>
        <line num="538" type="stmt" count="0"/>
        <line num="541" type="stmt" count="1"/>
        <line num="543" type="stmt" count="1"/>
        <metrics loc="545" ncloc="227" classes="1" methods="14" coveredmethods="11" conditionals="0" coveredconditionals="0" statements="146" coveredstatements="142" elements="160" coveredelements="153"/>
      </file>
      <file name="/Users/tj/projects/honeybadger-php/lib/Honeybadger/Util/SemiOpenStruct.php">
        <class name="SemiOpenStruct" namespace="Honeybadger\Util" fullPackage="Honeybadger" category="Util" package="Honeybadger">
          <metrics complexity="16" methods="12" coveredmethods="8" conditionals="0" coveredconditionals="0" statements="24" coveredstatements="19" elements="36" coveredelements="27"/>
        </class>
        <line num="36" type="method" name="toArray" visibility="public" complexity="1" crap="1" count="9"/>
        <line num="38" type="stmt" count="9"/>
        <line num="46" type="method" name="asArray" visibility="public" complexity="2" crap="2" count="34"/>
        <line num="48" type="stmt" count="34"/>
        <line num="51" type="stmt" count="34"/>
        <line num="52" type="stmt" count="34"/>
        <line num="53" type="stmt" count="34"/>
        <line num="55" type="stmt" count="34"/>
        <line num="65" type="method" name="toJson" visibility="public" complexity="1" crap="1" count="4"/>
        <line num="67" type="stmt" count="4"/>
        <line num="75" type="method" name="asJson" visibility="public" complexity="1" crap="1" count="4"/>
        <line num="77" type="stmt" count="4"/>
        <line num="88" type="method" name="__get" visibility="public" complexity="1" crap="1" count="46"/>
        <line num="90" type="stmt" count="46"/>
        <line num="101" type="method" name="__set" visibility="public" complexity="1" crap="1" count="6"/>
        <line num="103" type="stmt" count="6"/>
        <line num="104" type="stmt" count="6"/>
        <line num="116" type="method" name="get" visibility="public" complexity="3" crap="3.04" count="46"/>
        <line num="118" type="stmt" count="46"/>
        <line num="119" type="stmt" count="14"/>
        <line num="120" type="stmt" count="39"/>
        <line num="121" type="stmt" count="39"/>
        <line num="123" type="stmt" count="39"/>
        <line num="125" type="stmt" count="0"/>
        <line num="137" type="method" name="set" visibility="public" complexity="1" crap="2" count="0"/>
        <line num="139" type="stmt" count="0"/>
        <line num="154" type="method" name="offsetGet" visibility="public" complexity="1" crap="1" count="1"/>
        <line num="156" type="stmt" count="1"/>
        <line num="167" type="method" name="offsetSet" visibility="public" complexity="1" crap="1" count="1"/>
        <line num="169" type="stmt" count="1"/>
        <line num="170" type="stmt" count="1"/>
        <line num="177" type="method" name="offsetExists" visibility="public" complexity="2" crap="6" count="0"/>
        <line num="179" type="stmt" count="0"/>
        <line num="180" type="stmt" count="0"/>
        <line num="188" type="method" name="offsetUnset" visibility="public" complexity="1" crap="2" count="0"/>
        <line num="190" type="stmt" count="0"/>
        <metrics loc="192" ncloc="84" classes="1" methods="12" coveredmethods="8" conditionals="0" coveredconditionals="0" statements="24" coveredstatements="19" elements="36" coveredelements="27"/>
      </file>
    </package>
    <metrics files="22" loc="4265" ncloc="2191" classes="22" methods="159" coveredmethods="104" conditionals="0" coveredconditionals="0" statements="950" coveredstatements="758" elements="1109" coveredelements="862"/>
  </project>
</coverage>
